<?xml version="1.0" encoding="UTF-8"?>
<!-- Generated by org.testng.reporters.JUnitXMLReporter -->
<testsuite ignored="0" hostname="BHAGAVATH" failures="0" tests="5" name="Default test" time="6.597" errors="0" timestamp="2025-07-29T13:52:32 IST">
  <testcase classname="com.DataTech.Tests.HomeTest" name="login" time="0.494"/>
  <testcase classname="com.DataTech.Tests.HomeTest" name="verifyFilters" time="0.177"/>
  <testcase classname="com.DataTech.Tests.HomeTest" name="verifyFilters" time="0.267"/>
  <testcase classname="com.DataTech.Tests.HomeTest" name="verifyFilters" time="0.207"/>
  <testcase classname="com.DataTech.Tests.HomeTest" name="verifyFilters" time="0.188"/>
</testsuite> <!-- Default test -->
