<?xml version="1.0" encoding="UTF-8"?>
<!-- Generated by org.testng.reporters.JUnitXMLReporter -->
<testsuite ignored="5" hostname="BHAGAVATH" failures="0" tests="9" name="Test" time="2.394" errors="0" timestamp="2025-09-09T14:21:49 IST">
  <testcase classname="com.DataTech.Tests.LoginTest" name="validLogin" time="0.681"/>
  <testcase classname="com.DataTech.Tests.HomeTest" name="verifyFilters" time="0.205"/>
  <testcase classname="com.DataTech.Tests.HomeTest" name="verifyFilters" time="0.285"/>
  <testcase classname="com.DataTech.Tests.HomeTest" name="verifyFilters" time="0.227"/>
  <testcase classname="com.DataTech.Tests.HomeTest" name="verifyFilters" time="0.199"/>
  <testcase classname="com.DataTech.Tests.HomeTest" name="addCheapestProduct" time="0.388"/>
  <testcase classname="com.DataTech.Tests.ProductTest" name="getProductDetails" time="0.062"/>
  <testcase classname="com.DataTech.Tests.CartTest" name="verifyProductDetails" time="0.264"/>
  <testcase classname="com.DataTech.Tests.CartTest" name="assertProductDetails" time="0.005"/>
  <testcase classname="com.DataTech.Tests.HomeTest" name="getProductNameAndPrice" time="0.0">
    <ignored/>
  </testcase> <!-- getProductNameAndPrice -->
  <testcase classname="com.DataTech.Base.TestBase" name="@BeforeSuite setup" time="0.0">
    <ignored/>
  </testcase> <!-- @BeforeSuite setup -->
  <testcase classname="com.DataTech.Tests.HomeTest" name="sortbyName" time="0.0">
    <ignored/>
  </testcase> <!-- sortbyName -->
  <testcase classname="com.DataTech.Base.TestBase" name="@BeforeSuite setup" time="0.0">
    <ignored/>
  </testcase> <!-- @BeforeSuite setup -->
  <testcase classname="com.DataTech.Base.TestBase" name="@BeforeSuite setup" time="0.0">
    <ignored/>
  </testcase> <!-- @BeforeSuite setup -->
</testsuite> <!-- Test -->
