<?xml version="1.0" encoding="UTF-8"?>
<!-- Generated by org.testng.reporters.JUnitXMLReporter -->
<testsuite ignored="3" hostname="BHAGAVATH" failures="0" tests="3" name="Test" time="1.22" errors="0" timestamp="2025-09-09T13:52:44 IST">
  <testcase classname="com.DataTech.Tests.LoginTest" name="validLogin" time="0.692"/>
  <testcase classname="com.DataTech.Tests.HomeTest" name="sortbyName" time="0.253"/>
  <testcase classname="com.DataTech.Tests.HomeTest" name="getProductNameAndPrice" time="0.194"/>
  <testcase classname="com.DataTech.Base.TestBase" name="@BeforeSuite setup" time="0.0">
    <ignored/>
  </testcase> <!-- @BeforeSuite setup -->
  <testcase classname="com.DataTech.Tests.HomeTest" name="verifyFilters" time="0.0">
    <ignored/>
  </testcase> <!-- verifyFilters -->
  <testcase classname="com.DataTech.Tests.HomeTest" name="addCheapestProduct" time="0.0">
    <ignored/>
  </testcase> <!-- addCheapestProduct -->
</testsuite> <!-- Test -->
