<?xml version="1.0" encoding="UTF-8"?>
<testng-results ignored="2" total="5" passed="3" failed="0" skipped="0">
  <reporter-output>
  </reporter-output>
  <suite started-at="2025-09-09T13:52:43 IST" name="Suite" finished-at="2025-09-09T13:52:44 IST" duration-ms="1220">
    <groups>
    </groups>
    <test started-at="2025-09-09T13:52:43 IST" name="Test" finished-at="2025-09-09T13:52:44 IST" duration-ms="1220">
      <class name="com.DataTech.Tests.HomeTest">
        <test-method signature="sortbyName()[pri:0, instance:com.DataTech.Tests.HomeTest@795509d9]" started-at="2025-09-09T13:52:44 IST" name="sortbyName" finished-at="2025-09-09T13:52:44 IST" duration-ms="253" status="PASS">
          <reporter-output>
          </reporter-output>
        </test-method> <!-- sortbyName -->
        <test-method signature="getProductNameAndPrice()[pri:0, instance:com.DataTech.Tests.HomeTest@795509d9]" started-at="2025-09-09T13:52:44 IST" name="getProductNameAndPrice" finished-at="2025-09-09T13:52:44 IST" duration-ms="194" status="PASS">
          <reporter-output>
          </reporter-output>
        </test-method> <!-- getProductNameAndPrice -->
      </class> <!-- com.DataTech.Tests.HomeTest -->
      <class name="com.DataTech.Tests.LoginTest">
        <test-method is-config="true" signature="setup()[pri:0, instance:com.DataTech.Tests.LoginTest@74d1dc36]" started-at="2025-09-09T13:52:38 IST" name="setup" finished-at="2025-09-09T13:52:43 IST" duration-ms="4735" status="PASS">
          <reporter-output>
          </reporter-output>
        </test-method> <!-- setup -->
        <test-method signature="validLogin()[pri:0, instance:com.DataTech.Tests.LoginTest@74d1dc36]" started-at="2025-09-09T13:52:43 IST" name="validLogin" finished-at="2025-09-09T13:52:44 IST" duration-ms="692" status="PASS">
          <reporter-output>
          </reporter-output>
        </test-method> <!-- validLogin -->
      </class> <!-- com.DataTech.Tests.LoginTest -->
    </test> <!-- Test -->
  </suite> <!-- Suite -->
</testng-results>
